<?xml version="1.0" encoding="UTF-8"?>
<!-- Generated by org.testng.reporters.JUnitReportReporter -->
<testsuite hostname="PARAG-DESKTOP" failures="0" tests="1" name="com.banking.test.Practice" time="6.216" errors="0" timestamp="2025-06-18T16:40:37 IST" skipped="0">
  <testcase classname="com.banking.test.Practice" name="takesc" time="6.216"/>
</testsuite> <!-- com.banking.test.Practice -->
