<?xml version="1.0" encoding="UTF-8"?>
<!-- Generated by org.testng.reporters.JUnitReportReporter -->
<testsuite hostname="PARAG-DESKTOP" failures="0" tests="9" name="com.banking.test.NewCustomerTest" time="3.817" errors="0" timestamp="2025-06-26T18:16:04 IST" skipped="0">
  <testcase classname="com.banking.test.NewCustomerTest" name="validateformfield_test" time="0.006"/>
  <testcase classname="com.banking.test.NewCustomerTest" name="validateformfield_test" time="0.000"/>
  <testcase classname="com.banking.test.NewCustomerTest" name="validateformfield_test" time="0.000"/>
  <testcase classname="com.banking.test.NewCustomerTest" name="validateformfield_test" time="0.002"/>
  <testcase classname="com.banking.test.NewCustomerTest" name="validateformfield_test" time="0.000"/>
  <testcase classname="com.banking.test.NewCustomerTest" name="validateformfield_test" time="0.001"/>
  <testcase classname="com.banking.test.NewCustomerTest" name="Validate_addCustomer_Form_Test" time="3.807"/>
  <testcase classname="com.banking.test.NewCustomerTest" name="validateformfield_test" time="0.001"/>
  <testcase classname="com.banking.test.NewCustomerTest" name="validateformfield_test" time="0.000"/>
</testsuite> <!-- com.banking.test.NewCustomerTest -->
